<?xml version="1.0" encoding="UTF-8"?>
<testsuite name="com.waylau.spring.boot.blog.ApplicationTests" tests="1" skipped="0" failures="0" errors="0" timestamp="2020-07-07T03:34:35" hostname="cao" time="0.005">
  <properties/>
  <testcase name="contextLoads()" classname="com.waylau.spring.boot.blog.ApplicationTests" time="0.005"/>
  <system-out><![CDATA[2020-07-07 11:34:35.053  INFO 18487 --- [    Test worker] .b.t.c.SpringBootTestContextBootstrapper : Neither @ContextConfiguration nor @ContextHierarchy found for test class [com.waylau.spring.boot.blog.ApplicationTests], using SpringBootContextLoader
2020-07-07 11:34:35.055  INFO 18487 --- [    Test worker] o.s.t.c.support.AbstractContextLoader    : Could not detect default resource locations for test class [com.waylau.spring.boot.blog.ApplicationTests]: no resource found for suffixes {-context.xml, Context.groovy}.
2020-07-07 11:34:35.055  INFO 18487 --- [    Test worker] t.c.s.AnnotationConfigContextLoaderUtils : Could not detect default configuration classes for test class [com.waylau.spring.boot.blog.ApplicationTests]: ApplicationTests does not declare any static, non-private, non-final, nested classes annotated with @Configuration.
2020-07-07 11:34:35.062  INFO 18487 --- [    Test worker] .b.t.c.SpringBootTestContextBootstrapper : Found @SpringBootConfiguration com.waylau.spring.boot.blog.Application for test class com.waylau.spring.boot.blog.ApplicationTests
2020-07-07 11:34:35.065  INFO 18487 --- [    Test worker] .b.t.c.SpringBootTestContextBootstrapper : Loaded default TestExecutionListener class names from location [META-INF/spring.factories]: [org.springframework.boot.test.autoconfigure.restdocs.RestDocsTestExecutionListener, org.springframework.boot.test.autoconfigure.web.client.MockRestServiceServerResetTestExecutionListener, org.springframework.boot.test.autoconfigure.web.servlet.MockMvcPrintOnlyOnFailureTestExecutionListener, org.springframework.boot.test.autoconfigure.web.servlet.WebDriverTestExecutionListener, org.springframework.boot.test.autoconfigure.webservices.client.MockWebServiceServerTestExecutionListener, org.springframework.boot.test.mock.mockito.MockitoTestExecutionListener, org.springframework.boot.test.mock.mockito.ResetMocksTestExecutionListener, org.springframework.test.context.web.ServletTestExecutionListener, org.springframework.test.context.support.DirtiesContextBeforeModesTestExecutionListener, org.springframework.test.context.support.DependencyInjectionTestExecutionListener, org.springframework.test.context.support.DirtiesContextTestExecutionListener, org.springframework.test.context.transaction.TransactionalTestExecutionListener, org.springframework.test.context.jdbc.SqlScriptsTestExecutionListener, org.springframework.test.context.event.EventPublishingTestExecutionListener]
2020-07-07 11:34:35.066  INFO 18487 --- [    Test worker] .b.t.c.SpringBootTestContextBootstrapper : Using TestExecutionListeners: [org.springframework.test.context.web.ServletTestExecutionListener@42093daf, org.springframework.test.context.support.DirtiesContextBeforeModesTestExecutionListener@78bc2177, org.springframework.boot.test.mock.mockito.MockitoTestExecutionListener@58c51de1, org.springframework.boot.test.autoconfigure.SpringBootDependencyInjectionTestExecutionListener@6833cf58, org.springframework.test.context.support.DirtiesContextTestExecutionListener@63dc73b4, org.springframework.test.context.event.EventPublishingTestExecutionListener@7a724121, org.springframework.boot.test.autoconfigure.restdocs.RestDocsTestExecutionListener@a28619b, org.springframework.boot.test.autoconfigure.web.client.MockRestServiceServerResetTestExecutionListener@7c173689, org.springframework.boot.test.autoconfigure.web.servlet.MockMvcPrintOnlyOnFailureTestExecutionListener@7c56bb6c, org.springframework.boot.test.autoconfigure.web.servlet.WebDriverTestExecutionListener@1445968e, org.springframework.boot.test.autoconfigure.webservices.client.MockWebServiceServerTestExecutionListener@5da81924, org.springframework.boot.test.mock.mockito.ResetMocksTestExecutionListener@184ecf66]

  .   ____          _            __ _ _
 /\\ / ___'_ __ _ _(_)_ __  __ _ \ \ \ \
( ( )\___ | '_ | '_| | '_ \/ _` | \ \ \ \
 \\/  ___)| |_)| | | | | || (_| |  ) ) ) )
  '  |____| .__|_| |_|_| |_\__, | / / / /
 =========|_|==============|___/=/_/_/_/
 :: Spring Boot ::        (v2.3.1.RELEASE)

2020-07-07 11:34:35.101  INFO 18487 --- [    Test worker] c.w.spring.boot.blog.ApplicationTests    : Starting ApplicationTests on cao with PID 18487 (started by caohui in /Users/caohui/Documents/GitHub/Blog_SpringBoot/hello-world)
2020-07-07 11:34:35.102  INFO 18487 --- [    Test worker] c.w.spring.boot.blog.ApplicationTests    : No active profile set, falling back to default profiles: default
2020-07-07 11:34:35.484  INFO 18487 --- [    Test worker] o.s.s.concurrent.ThreadPoolTaskExecutor  : Initializing ExecutorService 'applicationTaskExecutor'
2020-07-07 11:34:35.632  INFO 18487 --- [    Test worker] c.w.spring.boot.blog.ApplicationTests    : Started ApplicationTests in 0.563 seconds (JVM running for 4.56)
]]></system-out>
  <system-err><![CDATA[]]></system-err>
</testsuite>
